############################################################## www.oofem.org ###
       ####    ####   ######  ######  #    #
     #    #  #    #  #       #       ##  ##
    #    #  #    #  #####   #####   # ## #
   #    #  #    #  #       #       #    #
  #    #  #    #  #       #       #    #   OOFEM ver. 2.6
  ####    ####   #       ######  #    #    Copyright (C) 1994-2020 Borek Patzak
################################################################################


Starting analysis on: Mon Aug 30 09:26:11 2021

Linear structural analysis

==============================================================
Output for time 1.00000000e+00 
==============================================================
Output for domain   1


DofManager output:
------------------
Node           9 (       9):
  dof 1   d  0.00000000e+00
  dof 2   d  0.00000000e+00




Element output:
---------------
element 280 (     151) :
  GP  1.1  :  strains  0.0000e+00 0.0000e+00 0.0000e+00 0.0000e+00 0.0000e+00 0.0000e+00
              stresses 0.0000e+00 0.0000e+00 0.0000e+00 0.0000e+00 0.0000e+00 0.0000e+00




	R E A C T I O N S  O U T P U T:
	_______________________________


	Node        9 iDof  2 reaction  0.0000e+00    [bc-id: 3]

User time consumed by solution step 1: 0.009 [s]


==============================================================
Output for time 2.00000000e+00 
==============================================================
Output for domain   1


DofManager output:
------------------
Node           9 (       9):
  dof 1   d -1.16869011e-06
  dof 2   d  7.77777778e-06




Element output:
---------------
element 280 (     151) :
  GP  1.1  :  strains  2.1343e-04 2.2411e-04 0.0000e+00 0.0000e+00 0.0000e+00 -2.3957e-04
              stresses 6.4767e+01 6.6493e+01 0.0000e+00 0.0000e+00 0.0000e+00 -1.9350e+01




	R E A C T I O N S  O U T P U T:
	_______________________________


	Node        9 iDof  2 reaction  8.2447e-02    [bc-id: 3]

User time consumed by solution step 2: 0.062 [s]


==============================================================
Output for time 3.00000000e+00 
==============================================================
Output for domain   1


DofManager output:
------------------
Node           9 (       9):
  dof 1   d -2.33738022e-06
  dof 2   d  1.55555556e-05




Element output:
---------------
element 280 (     151) :
  GP  1.1  :  strains  4.2685e-04 4.4821e-04 0.0000e+00 0.0000e+00 0.0000e+00 -4.7914e-04
              stresses 1.2953e+02 1.3299e+02 0.0000e+00 0.0000e+00 0.0000e+00 -3.8700e+01




	R E A C T I O N S  O U T P U T:
	_______________________________


	Node        9 iDof  2 reaction  1.6489e-01    [bc-id: 3]

User time consumed by solution step 3: 0.061 [s]


==============================================================
Output for time 4.00000000e+00 
==============================================================
Output for domain   1


DofManager output:
------------------
Node           9 (       9):
  dof 1   d -3.50607033e-06
  dof 2   d  2.33333333e-05




Element output:
---------------
element 280 (     151) :
  GP  1.1  :  strains  6.4028e-04 6.7232e-04 0.0000e+00 0.0000e+00 0.0000e+00 -7.1872e-04
              stresses 1.9430e+02 1.9948e+02 0.0000e+00 0.0000e+00 0.0000e+00 -5.8050e+01




	R E A C T I O N S  O U T P U T:
	_______________________________


	Node        9 iDof  2 reaction  2.4734e-01    [bc-id: 3]

User time consumed by solution step 4: 0.062 [s]


==============================================================
Output for time 5.00000000e+00 
==============================================================
Output for domain   1


DofManager output:
------------------
Node           9 (       9):
  dof 1   d -4.67476044e-06
  dof 2   d  3.11111111e-05




Element output:
---------------
element 280 (     151) :
  GP  1.1  :  strains  8.5371e-04 8.9643e-04 0.0000e+00 0.0000e+00 0.0000e+00 -9.5829e-04
              stresses 2.5907e+02 2.6597e+02 0.0000e+00 0.0000e+00 0.0000e+00 -7.7400e+01




	R E A C T I O N S  O U T P U T:
	_______________________________


	Node        9 iDof  2 reaction  3.2979e-01    [bc-id: 3]

User time consumed by solution step 5: 0.061 [s]


==============================================================
Output for time 6.00000000e+00 
==============================================================
Output for domain   1


DofManager output:
------------------
Node           9 (       9):
  dof 1   d -5.84345055e-06
  dof 2   d  3.88888889e-05




Element output:
---------------
element 280 (     151) :
  GP  1.1  :  strains  1.0671e-03 1.1205e-03 0.0000e+00 0.0000e+00 0.0000e+00 -1.1979e-03
              stresses 3.2384e+02 3.3246e+02 0.0000e+00 0.0000e+00 0.0000e+00 -9.6750e+01




	R E A C T I O N S  O U T P U T:
	_______________________________


	Node        9 iDof  2 reaction  4.1224e-01    [bc-id: 3]

User time consumed by solution step 6: 0.062 [s]


==============================================================
Output for time 7.00000000e+00 
==============================================================
Output for domain   1


DofManager output:
------------------
Node           9 (       9):
  dof 1   d -7.01214066e-06
  dof 2   d  4.66666667e-05




Element output:
---------------
element 280 (     151) :
  GP  1.1  :  strains  1.2806e-03 1.3446e-03 0.0000e+00 0.0000e+00 0.0000e+00 -1.4374e-03
              stresses 3.8860e+02 3.9896e+02 0.0000e+00 0.0000e+00 0.0000e+00 -1.1610e+02




	R E A C T I O N S  O U T P U T:
	_______________________________


	Node        9 iDof  2 reaction  4.9468e-01    [bc-id: 3]

User time consumed by solution step 7: 0.062 [s]


==============================================================
Output for time 8.00000000e+00 
==============================================================
Output for domain   1


DofManager output:
------------------
Node           9 (       9):
  dof 1   d -8.18083077e-06
  dof 2   d  5.44444444e-05




Element output:
---------------
element 280 (     151) :
  GP  1.1  :  strains  1.4940e-03 1.5687e-03 0.0000e+00 0.0000e+00 0.0000e+00 -1.6770e-03
              stresses 4.5337e+02 4.6545e+02 0.0000e+00 0.0000e+00 0.0000e+00 -1.3545e+02




	R E A C T I O N S  O U T P U T:
	_______________________________


	Node        9 iDof  2 reaction  5.7713e-01    [bc-id: 3]

User time consumed by solution step 8: 0.061 [s]


==============================================================
Output for time 9.00000000e+00 
==============================================================
Output for domain   1


DofManager output:
------------------
Node           9 (       9):
  dof 1   d -9.34952089e-06
  dof 2   d  6.22222222e-05




Element output:
---------------
element 280 (     151) :
  GP  1.1  :  strains  1.7074e-03 1.7929e-03 0.0000e+00 0.0000e+00 0.0000e+00 -1.9166e-03
              stresses 5.1814e+02 5.3194e+02 0.0000e+00 0.0000e+00 0.0000e+00 -1.5480e+02




	R E A C T I O N S  O U T P U T:
	_______________________________


	Node        9 iDof  2 reaction  6.5958e-01    [bc-id: 3]

User time consumed by solution step 9: 0.062 [s]


==============================================================
Output for time 1.00000000e+01 
==============================================================
Output for domain   1


DofManager output:
------------------
Node           9 (       9):
  dof 1   d -1.05182110e-05
  dof 2   d  7.00000000e-05




Element output:
---------------
element 280 (     151) :
  GP  1.1  :  strains  1.9208e-03 2.0170e-03 0.0000e+00 0.0000e+00 0.0000e+00 -2.1562e-03
              stresses 5.8291e+02 5.9843e+02 0.0000e+00 0.0000e+00 0.0000e+00 -1.7415e+02




	R E A C T I O N S  O U T P U T:
	_______________________________


	Node        9 iDof  2 reaction  7.4202e-01    [bc-id: 3]

User time consumed by solution step 10: 0.062 [s]


Finishing analysis on: Mon Aug 30 09:26:12 2021

Real time consumed: 000h:00m:00s
User time consumed: 000h:00m:00s


